{"level":"info","message":"GET /api/tontines/OPNEJAoi1S1Ldngziq2X"}
{"level":"info","message":"GET /api/tontines/OPNEJAoi1S1Ldngziq2X"}
{"level":"info","message":"GET /api/tontines/OPNEJAoi1S1Ldngziq2X"}
{"level":"info","message":"GET /api/tontines/OPNEJAoi1S1Ldngziq2X"}
{"level":"info","message":"GET /api/tontines/OPNEJAoi1S1Ldngziq2X"}
{"level":"info","message":"GET /api/tontines/OPNEJAoi1S1Ldngziq2X"}
{"level":"info","message":"GET /api/tontines/OPNEJAoi1S1Ldngziq2X"}
{"level":"info","message":"GET /api/tontines/OPNEJAoi1S1Ldngziq2X"}
{"level":"info","message":"GET /api/tontines/OPNEJAoi1S1Ldngziq2X"}
{"level":"info","message":"GET /api/tontines/OPNEJAoi1S1Ldngziq2X"}
{"level":"info","message":"GET /api/tontines/OPNEJAoi1S1Ldngziq2X"}
{"level":"info","message":"GET /api/tontines/OPNEJAoi1S1Ldngziq2X"}
{"level":"info","message":"GET /api/tontines/OPNEJAoi1S1Ldngziq2X"}
{"level":"info","message":"GET /api/tontines/OPNEJAoi1S1Ldngziq2X"}
{"level":"info","message":"GET /api/tontines/OPNEJAoi1S1Ldngziq2X"}
{"level":"info","message":"GET /api/tontines/OPNEJAoi1S1Ldngziq2X"}
{"level":"info","message":"POST /"}
{"level":"info","message":"GET /"}
{"level":"info","message":"GET /"}
{"level":"info","message":"GET /"}
{"level":"info","message":"GET /"}
{"level":"info","message":"GET /"}
{"level":"info","message":"GET /"}
{"level":"info","message":"POST /"}
{"level":"info","message":"POST /"}
{"level":"info","message":"POST /"}
{"level":"info","message":"GET /"}
{"level":"info","message":"GET /"}
{"level":"info","message":"POST /users/"}
{"level":"info","message":"POST /api/users/"}
{"level":"info","message":"POST /api/users/"}
{"level":"info","message":"POST /api/users/"}
{"level":"info","message":"GET /"}
{"level":"info","message":"POST /api/users"}
{"level":"info","message":"POST /api/users"}
{"level":"info","message":"POST /api/users"}
{"level":"info","message":"POST /api/users"}
{"level":"info","message":"POST /api/users/sync"}
{"level":"info","message":"POST /api/users/sync"}
{"level":"info","message":"POST /api/users/sync"}
{"level":"info","message":"POST /api/users/sync"}
{"level":"info","message":"POST /api/users/sync"}
{"level":"info","message":"POST /api/users/sync"}
{"level":"info","message":"POST /api/users/sync"}
{"level":"info","message":"POST /api/users/sync"}
{"level":"info","message":"POST /api/users/sync"}
{"level":"info","message":"POST /api/users/sync"}
{"level":"info","message":"POST /api/users/sync"}
{"level":"info","message":"POST /api/users/sync"}
{"level":"info","message":"POST /api/users/sync"}
{"level":"info","message":"POST /api/users/sync"}
{"level":"info","message":"POST /api/users/sync"}
{"level":"info","message":"POST /api/users/sync"}
{"level":"info","message":"POST /api/users/sync"}
{"level":"info","message":"POST /api/users/sync"}
