{"level":"info","message":"DELETE /api/tontines/delete/OPNEJAoi1S1Ldngziq2X  undefined "}
{"level":"info","message":"DELETE /api/tontines/delete/OPNEJAoi1S1Ldngziq2X  undefined "}
{"level":"info","message":"GET /api/tontines/OPNEJAoi1S1Ldngziq2X  undefined "}
{"level":"info","message":"GET /api/tontines/B3aPTdPrIuVmJgXazP0s  undefined "}
{"level":"info","message":"GET /api/tontines/B3aPTdPrIuVmJgXazP0s  undefined "}
{"level":"info","message":"GET /api/tontines/B3aPTdPrIuVmJgXazP0s  undefined "}
{"level":"info","message":"GET /api/tontines/B3aPTdPrIuVmJgXazP0s  undefined "}
{"level":"info","message":"GET /api/tontines/B3aPTdPrIuVmJgXazP0s  undefined "}
{"level":"info","message":"GET /api/tontines/B3aPTdPrIuVmJgXazP0s  undefined "}
{"level":"info","message":"GET /api/tontines/B3aPTdPrIuVmJgXazP0s  undefined "}
{"level":"info","message":"GET /api/tontines/B3aPTdPrIuVmJgXazP0s  undefined "}
{"level":"info","message":"GET /api/tontines/B3aPTdPrIuVmJgXazP0s  undefined "}
{"level":"info","message":"GET /api/tontines/B3aPTdPrIuVmJgXazP0s  undefined "}
{"level":"info","message":"GET /api/tontines/B3aPTdPrIuVmJgXazP0s  undefined "}
{"level":"info","message":"GET /api/tontines/B3aPTdPrIuVmJgXazP0s  undefined "}
{"level":"info","message":"GET /api/tontines/B3aPTdPrIuVmJgXazP0s  undefined "}
{"level":"info","message":"GET /api/tontines/B3aPTdPrIuVmJgXazP0s  undefined "}
{"level":"info","message":"GET /api/tontines/B3aPTdPrIuVmJgXazP0s  undefined "}
{"level":"info","message":"GET /api/tontines/B3aPTdPrIuVmJgXazP0s  undefined "}
{"level":"info","message":"GET /api/tontines/B3aPTdPrIuVmJgXazP0s  undefined "}
{"level":"info","message":"GET /api/tontines/B3aPTdPrIuVmJgXazP0s  undefined "}
{"level":"info","message":"GET /api/tontines/B3aPTdPrIuVmJgXazP0s  undefined "}
{"level":"info","message":"GET /api/tontines/B3aPTdPrIuVmJgXazP0s  undefined "}
{"level":"info","message":"GET /api/tontines/B3aPTdPrIuVmJgXazP0s  undefined "}
{"level":"info","message":"GET /api/tontines/B3aPTdPrIuVmJgXazP0s  undefined "}
{"level":"info","message":"GET /api/tontines/B3aPTdPrIuVmJgXazP0s  undefined "}
{"level":"info","message":"GET /api/tontines/B3aPTdPrIuVmJgXazP0s  undefined "}
{"level":"info","message":"GET /api/tontines/B3aPTdPrIuVmJgXazP0s  undefined "}
{"level":"info","message":"DELETE /api/tontines/create  undefined "}
{"level":"info","message":"POST /api/tontines/create  undefined "}
{"level":"info","message":"POST /api/tontines/create  undefined "}
{"level":"info","message":"POST /api/tontines/create  undefined "}
{"level":"info","message":"POST /api/tontines/create  undefined "}
{"level":"info","message":"POST /api/tontines/create  undefined "}
{"level":"info","message":"POST /api/tontines/create  undefined "}
{"level":"info","message":"POST /api/tontines/create"}
{"level":"info","message":"POST /api/tontines/create ::1 "}
